#
# A fatal error has been detected by the Java Runtime Environment:
#
#  EXCEPTION_ACCESS_VIOLATION (0xc0000005) at pc=0x000002468dfe829e, pid=19844, tid=20036
#
# JRE version: Java(TM) SE Runtime Environment (14.0.1+7) (build 14.0.1+7)
# Java VM: Java HotSpot(TM) 64-Bit Server VM (14.0.1+7, mixed mode, sharing, tiered, compressed oops, g1 gc, windows-amd64)
# Problematic frame:
# v  ~BufferBlob::jni_fast_GetFloatField
#
# No core dump will be written. Minidumps are not enabled by default on client versions of Windows
#
# If you would like to submit a bug report, please visit:
#   https://bugreport.java.com/bugreport/crash.jsp
# The crash happened outside the Java Virtual Machine in native code.
# See problematic frame for where to report the bug.
#

---------------  S U M M A R Y ------------

Command Line: -XX:+ShowCodeDetailsInExceptionMessages -Dfile.encoding=UTF-8 Main

Host: Intel(R) Core(TM) i5-8400 CPU @ 2.80GHz, 6 cores, 15G,  Windows 10 , 64 bit Build 19041 (10.0.19041.1151)
Time: Wed Aug 18 00:38:27 2021 Mountain Daylight Time elapsed time: 0 seconds (0d 0h 0m 0s)

---------------  T H R E A D  ---------------

Current thread (0x00000246857cf000):  JavaThread "main" [_thread_in_native, id=20036, stack(0x0000009f8d600000,0x0000009f8d700000)]

Stack: [0x0000009f8d600000,0x0000009f8d700000],  sp=0x0000009f8d6ff3b8,  free space=1020k
Native frames: (J=compiled Java code, j=interpreted, Vv=VM code, C=native code)
C  0x000002468dfe829e

Java frames: (J=compiled Java code, j=interpreted, Vv=VM code)
j  jkvasir.engine.rendering.RenderBase.renderMesh3D(Ljkvasir/world/Camera3D;Ljkvasir/world/Mesh3D;Ljkvasir/engine/rendering/Shader;)V+0
j  Main.main([Ljava/lang/String;)V+109
v  ~StubRoutines::call_stub

siginfo: EXCEPTION_ACCESS_VIOLATION (0xc0000005), reading address 0x0000000000000000


Register to memory mapping:

RIP=0x000002468dfe829e is at code_begin+30 in 
[CodeBlob (0x000002468dfe8210)]
Framesize: 0
BufferBlob (0x000002468dfe8210) used for jni_fast_GetFloatField
RAX=0x000002468dfe8280 is at code_begin+0 in 
[CodeBlob (0x000002468dfe8210)]
Framesize: 0
BufferBlob (0x000002468dfe8210) used for jni_fast_GetFloatField
RBX={method} {0x00000246a9582c60} 'renderMesh3D' '(Ljkvasir/world/Camera3D;Ljkvasir/world/Mesh3D;Ljkvasir/engine/rendering/Shader;)V' in 'jkvasir/engine/rendering/RenderBase'
RCX=0x00000246857cf310 points into unknown readable memory: a0 1a 5d 5e fa 7f 00 00
RDX=0x0 is NULL
RSP=0x0000009f8d6ff3b8 is pointing into the stack for thread: 0x00000246857cf000
RBP=0x0000009f8d6ff620 is pointing into the stack for thread: 0x00000246857cf000
RSI=0x0000000000000004 is an unknown value
RDI=0x0000009f8d6ff488 is pointing into the stack for thread: 0x00000246857cf000
R8 =0x0000000000000032 is an unknown value
R9 =0x0 is NULL
R10=0x00007ffa5e66a890 jvm.dll
R11=0x0 is NULL
R12=0x0 is NULL
R13={method} {0x00000246a9582c60} 'renderMesh3D' '(Ljkvasir/world/Camera3D;Ljkvasir/world/Mesh3D;Ljkvasir/engine/rendering/Shader;)V' in 'jkvasir/engine/rendering/RenderBase'
R14=0x0000009f8d6ff658 is pointing into the stack for thread: 0x00000246857cf000
R15=0x00000246857cf000 is a thread


Registers:
RAX=0x000002468dfe8280, RBX=0x00000246a9582c58, RCX=0x00000246857cf310, RDX=0x0000000000000000
RSP=0x0000009f8d6ff3b8, RBP=0x0000009f8d6ff620, RSI=0x0000000000000004, RDI=0x0000009f8d6ff488
R8 =0x0000000000000032, R9 =0x0000000000000000, R10=0x00007ffa5e66a890, R11=0x0000000000000000
R12=0x0000000000000000, R13=0x00000246a9582c58, R14=0x0000009f8d6ff658, R15=0x00000246857cf000
RIP=0x000002468dfe829e, EFLAGS=0x0000000000010246

Top of Stack: (sp=0x0000009f8d6ff3b8)
0x0000009f8d6ff3b8:   00007ffa5ab2a83b 0000009f8d6ff620
0x0000009f8d6ff3c8:   00007ffa5ab2a7e5 cccccccccccccccc
0x0000009f8d6ff3d8:   00000246a9582c58 cccccccccccccccc
0x0000009f8d6ff3e8:   00007ffaa4f24090 000002468dfe8280
0x0000009f8d6ff3f8:   00007ffaa4f24090 0000009f8d6ff488
0x0000009f8d6ff408:   00007ffa5ab27204 00000246857cf310
0x0000009f8d6ff418:   0000000000000000 0000000000000032
0x0000009f8d6ff428:   00007ffa5ace7e6c cccccccccccccccc
0x0000009f8d6ff438:   0000000000000000 cccccccc00000000
0x0000009f8d6ff448:   cccccccccccccccc cccccccccccccccc
0x0000009f8d6ff458:   00000246a90076f0 cccccccccccccccc
0x0000009f8d6ff468:   cccccccccccccccc cccccccccccccccc
0x0000009f8d6ff478:   0000f2556432c2d7 cccccccccccccccc
0x0000009f8d6ff488:   0000009f8d6ff578 0000000000000004
0x0000009f8d6ff498:   00007ffa5ab2c8e3 0000009f8d6ff538
0x0000009f8d6ff4a8:   00000246857cf310 0000000000000000 

Instructions: (pc=0x000002468dfe829e)
0x000002468dfe819e:   00 00 00 00 00 00 00 00 00 00 00 00 00 00 00 00
0x000002468dfe81ae:   00 00 00 00 00 00 00 00 00 00 00 00 00 00 00 00
0x000002468dfe81be:   00 00 00 00 00 00 00 00 00 00 00 00 00 00 00 00
0x000002468dfe81ce:   00 00 00 00 00 00 00 00 00 00 00 00 00 00 00 00
0x000002468dfe81de:   00 00 00 00 00 00 00 00 00 00 00 00 00 00 00 00
0x000002468dfe81ee:   00 00 00 00 00 00 00 00 00 00 00 00 00 00 00 00
0x000002468dfe81fe:   00 00 06 00 00 00 00 00 00 00 01 00 00 00 00 00
0x000002468dfe820e:   00 00 b8 42 44 5e fa 7f 00 00 00 00 00 00 60 01
0x000002468dfe821e:   00 00 68 00 00 00 ff ff ff ff 60 01 00 00 00 00
0x000002468dfe822e:   00 00 80 82 fe 8d 46 02 00 00 70 83 fe 8d 46 02
0x000002468dfe823e:   00 00 80 82 fe 8d 46 02 00 00 70 83 fe 8d 46 02
0x000002468dfe824e:   00 00 78 82 fe 8d 46 02 00 00 78 82 fe 8d 46 02
0x000002468dfe825e:   00 00 00 00 00 00 00 00 00 00 00 00 00 00 00 00
0x000002468dfe826e:   00 00 80 42 47 5e fa 7f 00 00 00 00 00 00 00 00
0x000002468dfe827e:   00 00 49 ba 90 a8 66 5e fa 7f 00 00 45 8b 1a 4c
0x000002468dfe828e:   8b ca 41 f6 c3 01 0f 85 28 00 00 00 49 83 e1 fe
0x000002468dfe829e:   4d 8b 09 4d 8b d0 49 c1 ea 02 c4 81 7a 10 04 11
0x000002468dfe82ae:   49 ba 90 a8 66 5e fa 7f 00 00 45 3b 1a 0f 85 01
0x000002468dfe82be:   00 00 00 c3 49 ba 10 94 f9 5d fa 7f 00 00 41 ff
0x000002468dfe82ce:   e2 00 00 00 00 00 00 00 00 00 00 00 00 00 00 00
0x000002468dfe82de:   00 00 00 00 00 00 00 00 00 00 00 00 00 00 00 00
0x000002468dfe82ee:   00 00 00 00 00 00 00 00 00 00 00 00 00 00 00 00
0x000002468dfe82fe:   00 00 00 00 00 00 00 00 00 00 00 00 00 00 00 00
0x000002468dfe830e:   00 00 00 00 00 00 00 00 00 00 00 00 00 00 00 00
0x000002468dfe831e:   00 00 00 00 00 00 00 00 00 00 00 00 00 00 00 00
0x000002468dfe832e:   00 00 00 00 00 00 00 00 00 00 00 00 00 00 00 00
0x000002468dfe833e:   00 00 00 00 00 00 00 00 00 00 00 00 00 00 00 00
0x000002468dfe834e:   00 00 00 00 00 00 00 00 00 00 00 00 00 00 00 00
0x000002468dfe835e:   00 00 00 00 00 00 00 00 00 00 00 00 00 00 00 00
0x000002468dfe836e:   00 00 00 00 00 00 00 00 00 00 00 00 00 00 00 00
0x000002468dfe837e:   00 00 00 00 00 00 00 00 00 00 00 00 00 00 00 00
0x000002468dfe838e:   00 00 00 00 00 00 00 00 00 00 00 00 00 00 00 00 


Stack slot to memory mapping:
stack at sp + 0 slots: 0x00007ffa5ab2a83b kvasir-jni.dll
stack at sp + 1 slots: 0x0000009f8d6ff620 is pointing into the stack for thread: 0x00000246857cf000
stack at sp + 2 slots: 0x00007ffa5ab2a7e5 kvasir-jni.dll
stack at sp + 3 slots: 0xcccccccccccccccc is an unknown value
stack at sp + 4 slots: {method} {0x00000246a9582c60} 'renderMesh3D' '(Ljkvasir/world/Camera3D;Ljkvasir/world/Mesh3D;Ljkvasir/engine/rendering/Shader;)V' in 'jkvasir/engine/rendering/RenderBase'
stack at sp + 5 slots: 0xcccccccccccccccc is an unknown value
stack at sp + 6 slots: 0x00007ffaa4f24090 MSVCP140D.dll
stack at sp + 7 slots: 0x000002468dfe8280 is at code_begin+0 in 
[CodeBlob (0x000002468dfe8210)]
Framesize: 0
BufferBlob (0x000002468dfe8210) used for jni_fast_GetFloatField

--------------------------------------------------------------------------------
Decoding CodeBlob, name: jni_fast_GetFloatField, at  [0x000002468dfe8280, 0x000002468dfe8370]  240 bytes
[MachCode]
  0x000002468dfe8280: 49ba 90a8 | 665e fa7f | 0000 458b | 1a4c 8bca | 41f6 c301 | 0f85 2800 | 0000 4983 | e1fe 4d8b 
  0x000002468dfe82a0: 094d 8bd0 | 49c1 ea02 | c481 7a10 | 0411 49ba | 90a8 665e | fa7f 0000 | 453b 1a0f | 8501 0000 
  0x000002468dfe82c0: 00c3 49ba | 1094 f95d | fa7f 0000 | 41ff e200 | 0000 0000 | 0000 0000 | 0000 0000 | 0000 0000 
  0x000002468dfe82e0: 0000 0000 | 0000 0000 | 0000 0000 | 0000 0000 | 0000 0000 | 0000 0000 | 0000 0000 | 0000 0000 
  0x000002468dfe8300: 0000 0000 | 0000 0000 | 0000 0000 | 0000 0000 | 0000 0000 | 0000 0000 | 0000 0000 | 0000 0000 
  0x000002468dfe8320: 0000 0000 | 0000 0000 | 0000 0000 | 0000 0000 | 0000 0000 | 0000 0000 | 0000 0000 | 0000 0000 
  0x000002468dfe8340: 0000 0000 | 0000 0000 | 0000 0000 | 0000 0000 | 0000 0000 | 0000 0000 | 0000 0000 | 0000 0000 
  0x000002468dfe8360: 0000 0000 | 0000 0000 | 0000 0000 | 0000 0000 
[/MachCode]
--------------------------------------------------------------------------------


---------------  P R O C E S S  ---------------

Threads class SMR info:
_java_thread_list=0x00000246a9b67ee0, length=11, elements={
0x00000246857cf000, 0x00000246a9158800, 0x00000246a915d000, 0x00000246a9174800,
0x00000246a9177800, 0x00000246a9178800, 0x00000246a9179800, 0x00000246a9a0c000,
0x00000246a9a1a800, 0x00000246a9b43800, 0x00000246a9b6c800
}

Java Threads: ( => current thread )
=>0x00000246857cf000 JavaThread "main" [_thread_in_native, id=20036, stack(0x0000009f8d600000,0x0000009f8d700000)]
  0x00000246a9158800 JavaThread "Reference Handler" daemon [_thread_blocked, id=6552, stack(0x0000009f8dd00000,0x0000009f8de00000)]
  0x00000246a915d000 JavaThread "Finalizer" daemon [_thread_blocked, id=19304, stack(0x0000009f8de00000,0x0000009f8df00000)]
  0x00000246a9174800 JavaThread "Signal Dispatcher" daemon [_thread_blocked, id=20072, stack(0x0000009f8df00000,0x0000009f8e000000)]
  0x00000246a9177800 JavaThread "Attach Listener" daemon [_thread_blocked, id=9256, stack(0x0000009f8e000000,0x0000009f8e100000)]
  0x00000246a9178800 JavaThread "Service Thread" daemon [_thread_blocked, id=9964, stack(0x0000009f8e100000,0x0000009f8e200000)]
  0x00000246a9179800 JavaThread "C2 CompilerThread0" daemon [_thread_blocked, id=8844, stack(0x0000009f8e200000,0x0000009f8e300000)]
  0x00000246a9a0c000 JavaThread "C1 CompilerThread0" daemon [_thread_blocked, id=20432, stack(0x0000009f8e300000,0x0000009f8e400000)]
  0x00000246a9a1a800 JavaThread "Sweeper thread" daemon [_thread_blocked, id=16664, stack(0x0000009f8e400000,0x0000009f8e500000)]
  0x00000246a9b43800 JavaThread "Notification Thread" daemon [_thread_blocked, id=14124, stack(0x0000009f8e500000,0x0000009f8e600000)]
  0x00000246a9b6c800 JavaThread "Common-Cleaner" daemon [_thread_blocked, id=19096, stack(0x0000009f8e700000,0x0000009f8e800000)]

Other Threads:
  0x00000246a9152000 VMThread "VM Thread" [stack: 0x0000009f8dc00000,0x0000009f8dd00000] [id=1984]
  0x00000246a9b66000 WatcherThread [stack: 0x0000009f8e600000,0x0000009f8e700000] [id=17576]
  0x0000024685836000 GCTaskThread "GC Thread#0" [stack: 0x0000009f8d700000,0x0000009f8d800000] [id=4644]
  0x0000024685857000 ConcurrentGCThread "G1 Main Marker" [stack: 0x0000009f8d800000,0x0000009f8d900000] [id=900]
  0x0000024685859000 ConcurrentGCThread "G1 Conc#0" [stack: 0x0000009f8d900000,0x0000009f8da00000] [id=18016]
  0x00000246a9037800 ConcurrentGCThread "G1 Refine#0" [stack: 0x0000009f8da00000,0x0000009f8db00000] [id=8212]
  0x00000246a9038000 ConcurrentGCThread "G1 Young RemSet Sampling" [stack: 0x0000009f8db00000,0x0000009f8dc00000] [id=18972]

Threads with active compile tasks:

VM state:not at safepoint (normal execution)

VM Mutex/Monitor currently owned by a thread: None

Heap address: 0x0000000701000000, size: 4080 MB, Compressed Oops mode: Zero based, Oop shift amount: 3
Narrow klass base: 0x0000000800000000, Narrow klass shift: 3
Compressed class space size: 1073741824 Address: 0x0000000800b30000

Heap:
 garbage-first heap   total 262144K, used 0K [0x0000000701000000, 0x0000000800000000)
  region size 1024K, 1 young (1024K), 0 survivors (0K)
 Metaspace       used 256K, capacity 4568K, committed 4864K, reserved 1056768K
  class space    used 16K, capacity 392K, committed 512K, reserved 1048576K
Heap Regions: E=young(eden), S=young(survivor), O=old, HS=humongous(starts), HC=humongous(continues), CS=collection set, F=free, OA=open archive, CA=closed archive, TAMS=top-at-mark-start (previous, next)
|   0|0x0000000701000000, 0x0000000701000000, 0x0000000701100000|  0%| F|  |TAMS 0x0000000701000000, 0x0000000701000000| Untracked 
|   1|0x0000000701100000, 0x0000000701100000, 0x0000000701200000|  0%| F|  |TAMS 0x0000000701100000, 0x0000000701100000| Untracked 
|   2|0x0000000701200000, 0x0000000701200000, 0x0000000701300000|  0%| F|  |TAMS 0x0000000701200000, 0x0000000701200000| Untracked 
|   3|0x0000000701300000, 0x0000000701300000, 0x0000000701400000|  0%| F|  |TAMS 0x0000000701300000, 0x0000000701300000| Untracked 
|   4|0x0000000701400000, 0x0000000701400000, 0x0000000701500000|  0%| F|  |TAMS 0x0000000701400000, 0x0000000701400000| Untracked 
|   5|0x0000000701500000, 0x0000000701500000, 0x0000000701600000|  0%| F|  |TAMS 0x0000000701500000, 0x0000000701500000| Untracked 
|   6|0x0000000701600000, 0x0000000701600000, 0x0000000701700000|  0%| F|  |TAMS 0x0000000701600000, 0x0000000701600000| Untracked 
|   7|0x0000000701700000, 0x0000000701700000, 0x0000000701800000|  0%| F|  |TAMS 0x0000000701700000, 0x0000000701700000| Untracked 
|   8|0x0000000701800000, 0x0000000701800000, 0x0000000701900000|  0%| F|  |TAMS 0x0000000701800000, 0x0000000701800000| Untracked 
|   9|0x0000000701900000, 0x0000000701900000, 0x0000000701a00000|  0%| F|  |TAMS 0x0000000701900000, 0x0000000701900000| Untracked 
|  10|0x0000000701a00000, 0x0000000701a00000, 0x0000000701b00000|  0%| F|  |TAMS 0x0000000701a00000, 0x0000000701a00000| Untracked 
|  11|0x0000000701b00000, 0x0000000701b00000, 0x0000000701c00000|  0%| F|  |TAMS 0x0000000701b00000, 0x0000000701b00000| Untracked 
|  12|0x0000000701c00000, 0x0000000701c00000, 0x0000000701d00000|  0%| F|  |TAMS 0x0000000701c00000, 0x0000000701c00000| Untracked 
|  13|0x0000000701d00000, 0x0000000701d00000, 0x0000000701e00000|  0%| F|  |TAMS 0x0000000701d00000, 0x0000000701d00000| Untracked 
|  14|0x0000000701e00000, 0x0000000701e00000, 0x0000000701f00000|  0%| F|  |TAMS 0x0000000701e00000, 0x0000000701e00000| Untracked 
|  15|0x0000000701f00000, 0x0000000701f00000, 0x0000000702000000|  0%| F|  |TAMS 0x0000000701f00000, 0x0000000701f00000| Untracked 
|  16|0x0000000702000000, 0x0000000702000000, 0x0000000702100000|  0%| F|  |TAMS 0x0000000702000000, 0x0000000702000000| Untracked 
|  17|0x0000000702100000, 0x0000000702100000, 0x0000000702200000|  0%| F|  |TAMS 0x0000000702100000, 0x0000000702100000| Untracked 
|  18|0x0000000702200000, 0x0000000702200000, 0x0000000702300000|  0%| F|  |TAMS 0x0000000702200000, 0x0000000702200000| Untracked 
|  19|0x0000000702300000, 0x0000000702300000, 0x0000000702400000|  0%| F|  |TAMS 0x0000000702300000, 0x0000000702300000| Untracked 
|  20|0x0000000702400000, 0x0000000702400000, 0x0000000702500000|  0%| F|  |TAMS 0x0000000702400000, 0x0000000702400000| Untracked 
|  21|0x0000000702500000, 0x0000000702500000, 0x0000000702600000|  0%| F|  |TAMS 0x0000000702500000, 0x0000000702500000| Untracked 
|  22|0x0000000702600000, 0x0000000702600000, 0x0000000702700000|  0%| F|  |TAMS 0x0000000702600000, 0x0000000702600000| Untracked 
|  23|0x0000000702700000, 0x0000000702700000, 0x0000000702800000|  0%| F|  |TAMS 0x0000000702700000, 0x0000000702700000| Untracked 
|  24|0x0000000702800000, 0x0000000702800000, 0x0000000702900000|  0%| F|  |TAMS 0x0000000702800000, 0x0000000702800000| Untracked 
|  25|0x0000000702900000, 0x0000000702900000, 0x0000000702a00000|  0%| F|  |TAMS 0x0000000702900000, 0x0000000702900000| Untracked 
|  26|0x0000000702a00000, 0x0000000702a00000, 0x0000000702b00000|  0%| F|  |TAMS 0x0000000702a00000, 0x0000000702a00000| Untracked 
|  27|0x0000000702b00000, 0x0000000702b00000, 0x0000000702c00000|  0%| F|  |TAMS 0x0000000702b00000, 0x0000000702b00000| Untracked 
|  28|0x0000000702c00000, 0x0000000702c00000, 0x0000000702d00000|  0%| F|  |TAMS 0x0000000702c00000, 0x0000000702c00000| Untracked 
|  29|0x0000000702d00000, 0x0000000702d00000, 0x0000000702e00000|  0%| F|  |TAMS 0x0000000702d00000, 0x0000000702d00000| Untracked 
|  30|0x0000000702e00000, 0x0000000702e00000, 0x0000000702f00000|  0%| F|  |TAMS 0x0000000702e00000, 0x0000000702e00000| Untracked 
|  31|0x0000000702f00000, 0x0000000702f00000, 0x0000000703000000|  0%| F|  |TAMS 0x0000000702f00000, 0x0000000702f00000| Untracked 
|  32|0x0000000703000000, 0x0000000703000000, 0x0000000703100000|  0%| F|  |TAMS 0x0000000703000000, 0x0000000703000000| Untracked 
|  33|0x0000000703100000, 0x0000000703100000, 0x0000000703200000|  0%| F|  |TAMS 0x0000000703100000, 0x0000000703100000| Untracked 
|  34|0x0000000703200000, 0x0000000703200000, 0x0000000703300000|  0%| F|  |TAMS 0x0000000703200000, 0x0000000703200000| Untracked 
|  35|0x0000000703300000, 0x0000000703300000, 0x0000000703400000|  0%| F|  |TAMS 0x0000000703300000, 0x0000000703300000| Untracked 
|  36|0x0000000703400000, 0x0000000703400000, 0x0000000703500000|  0%| F|  |TAMS 0x0000000703400000, 0x0000000703400000| Untracked 
|  37|0x0000000703500000, 0x0000000703500000, 0x0000000703600000|  0%| F|  |TAMS 0x0000000703500000, 0x0000000703500000| Untracked 
|  38|0x0000000703600000, 0x0000000703600000, 0x0000000703700000|  0%| F|  |TAMS 0x0000000703600000, 0x0000000703600000| Untracked 
|  39|0x0000000703700000, 0x0000000703700000, 0x0000000703800000|  0%| F|  |TAMS 0x0000000703700000, 0x0000000703700000| Untracked 
|  40|0x0000000703800000, 0x0000000703800000, 0x0000000703900000|  0%| F|  |TAMS 0x0000000703800000, 0x0000000703800000| Untracked 
|  41|0x0000000703900000, 0x0000000703900000, 0x0000000703a00000|  0%| F|  |TAMS 0x0000000703900000, 0x0000000703900000| Untracked 
|  42|0x0000000703a00000, 0x0000000703a00000, 0x0000000703b00000|  0%| F|  |TAMS 0x0000000703a00000, 0x0000000703a00000| Untracked 
|  43|0x0000000703b00000, 0x0000000703b00000, 0x0000000703c00000|  0%| F|  |TAMS 0x0000000703b00000, 0x0000000703b00000| Untracked 
|  44|0x0000000703c00000, 0x0000000703c00000, 0x0000000703d00000|  0%| F|  |TAMS 0x0000000703c00000, 0x0000000703c00000| Untracked 
|  45|0x0000000703d00000, 0x0000000703d00000, 0x0000000703e00000|  0%| F|  |TAMS 0x0000000703d00000, 0x0000000703d00000| Untracked 
|  46|0x0000000703e00000, 0x0000000703e00000, 0x0000000703f00000|  0%| F|  |TAMS 0x0000000703e00000, 0x0000000703e00000| Untracked 
|  47|0x0000000703f00000, 0x0000000703f00000, 0x0000000704000000|  0%| F|  |TAMS 0x0000000703f00000, 0x0000000703f00000| Untracked 
|  48|0x0000000704000000, 0x0000000704000000, 0x0000000704100000|  0%| F|  |TAMS 0x0000000704000000, 0x0000000704000000| Untracked 
|  49|0x0000000704100000, 0x0000000704100000, 0x0000000704200000|  0%| F|  |TAMS 0x0000000704100000, 0x0000000704100000| Untracked 
|  50|0x0000000704200000, 0x0000000704200000, 0x0000000704300000|  0%| F|  |TAMS 0x0000000704200000, 0x0000000704200000| Untracked 
|  51|0x0000000704300000, 0x0000000704300000, 0x0000000704400000|  0%| F|  |TAMS 0x0000000704300000, 0x0000000704300000| Untracked 
|  52|0x0000000704400000, 0x0000000704400000, 0x0000000704500000|  0%| F|  |TAMS 0x0000000704400000, 0x0000000704400000| Untracked 
|  53|0x0000000704500000, 0x0000000704500000, 0x0000000704600000|  0%| F|  |TAMS 0x0000000704500000, 0x0000000704500000| Untracked 
|  54|0x0000000704600000, 0x0000000704600000, 0x0000000704700000|  0%| F|  |TAMS 0x0000000704600000, 0x0000000704600000| Untracked 
|  55|0x0000000704700000, 0x0000000704700000, 0x0000000704800000|  0%| F|  |TAMS 0x0000000704700000, 0x0000000704700000| Untracked 
|  56|0x0000000704800000, 0x0000000704800000, 0x0000000704900000|  0%| F|  |TAMS 0x0000000704800000, 0x0000000704800000| Untracked 
|  57|0x0000000704900000, 0x0000000704900000, 0x0000000704a00000|  0%| F|  |TAMS 0x0000000704900000, 0x0000000704900000| Untracked 
|  58|0x0000000704a00000, 0x0000000704a00000, 0x0000000704b00000|  0%| F|  |TAMS 0x0000000704a00000, 0x0000000704a00000| Untracked 
|  59|0x0000000704b00000, 0x0000000704b00000, 0x0000000704c00000|  0%| F|  |TAMS 0x0000000704b00000, 0x0000000704b00000| Untracked 
|  60|0x0000000704c00000, 0x0000000704c00000, 0x0000000704d00000|  0%| F|  |TAMS 0x0000000704c00000, 0x0000000704c00000| Untracked 
|  61|0x0000000704d00000, 0x0000000704d00000, 0x0000000704e00000|  0%| F|  |TAMS 0x0000000704d00000, 0x0000000704d00000| Untracked 
|  62|0x0000000704e00000, 0x0000000704e00000, 0x0000000704f00000|  0%| F|  |TAMS 0x0000000704e00000, 0x0000000704e00000| Untracked 
|  63|0x0000000704f00000, 0x0000000704f00000, 0x0000000705000000|  0%| F|  |TAMS 0x0000000704f00000, 0x0000000704f00000| Untracked 
|  64|0x0000000705000000, 0x0000000705000000, 0x0000000705100000|  0%| F|  |TAMS 0x0000000705000000, 0x0000000705000000| Untracked 
|  65|0x0000000705100000, 0x0000000705100000, 0x0000000705200000|  0%| F|  |TAMS 0x0000000705100000, 0x0000000705100000| Untracked 
|  66|0x0000000705200000, 0x0000000705200000, 0x0000000705300000|  0%| F|  |TAMS 0x0000000705200000, 0x0000000705200000| Untracked 
|  67|0x0000000705300000, 0x0000000705300000, 0x0000000705400000|  0%| F|  |TAMS 0x0000000705300000, 0x0000000705300000| Untracked 
|  68|0x0000000705400000, 0x0000000705400000, 0x0000000705500000|  0%| F|  |TAMS 0x0000000705400000, 0x0000000705400000| Untracked 
|  69|0x0000000705500000, 0x0000000705500000, 0x0000000705600000|  0%| F|  |TAMS 0x0000000705500000, 0x0000000705500000| Untracked 
|  70|0x0000000705600000, 0x0000000705600000, 0x0000000705700000|  0%| F|  |TAMS 0x0000000705600000, 0x0000000705600000| Untracked 
|  71|0x0000000705700000, 0x0000000705700000, 0x0000000705800000|  0%| F|  |TAMS 0x0000000705700000, 0x0000000705700000| Untracked 
|  72|0x0000000705800000, 0x0000000705800000, 0x0000000705900000|  0%| F|  |TAMS 0x0000000705800000, 0x0000000705800000| Untracked 
|  73|0x0000000705900000, 0x0000000705900000, 0x0000000705a00000|  0%| F|  |TAMS 0x0000000705900000, 0x0000000705900000| Untracked 
|  74|0x0000000705a00000, 0x0000000705a00000, 0x0000000705b00000|  0%| F|  |TAMS 0x0000000705a00000, 0x0000000705a00000| Untracked 
|  75|0x0000000705b00000, 0x0000000705b00000, 0x0000000705c00000|  0%| F|  |TAMS 0x0000000705b00000, 0x0000000705b00000| Untracked 
|  76|0x0000000705c00000, 0x0000000705c00000, 0x0000000705d00000|  0%| F|  |TAMS 0x0000000705c00000, 0x0000000705c00000| Untracked 
|  77|0x0000000705d00000, 0x0000000705d00000, 0x0000000705e00000|  0%| F|  |TAMS 0x0000000705d00000, 0x0000000705d00000| Untracked 
|  78|0x0000000705e00000, 0x0000000705e00000, 0x0000000705f00000|  0%| F|  |TAMS 0x0000000705e00000, 0x0000000705e00000| Untracked 
|  79|0x0000000705f00000, 0x0000000705f00000, 0x0000000706000000|  0%| F|  |TAMS 0x0000000705f00000, 0x0000000705f00000| Untracked 
|  80|0x0000000706000000, 0x0000000706000000, 0x0000000706100000|  0%| F|  |TAMS 0x0000000706000000, 0x0000000706000000| Untracked 
|  81|0x0000000706100000, 0x0000000706100000, 0x0000000706200000|  0%| F|  |TAMS 0x0000000706100000, 0x0000000706100000| Untracked 
|  82|0x0000000706200000, 0x0000000706200000, 0x0000000706300000|  0%| F|  |TAMS 0x0000000706200000, 0x0000000706200000| Untracked 
|  83|0x0000000706300000, 0x0000000706300000, 0x0000000706400000|  0%| F|  |TAMS 0x0000000706300000, 0x0000000706300000| Untracked 
|  84|0x0000000706400000, 0x0000000706400000, 0x0000000706500000|  0%| F|  |TAMS 0x0000000706400000, 0x0000000706400000| Untracked 
|  85|0x0000000706500000, 0x0000000706500000, 0x0000000706600000|  0%| F|  |TAMS 0x0000000706500000, 0x0000000706500000| Untracked 
|  86|0x0000000706600000, 0x0000000706600000, 0x0000000706700000|  0%| F|  |TAMS 0x0000000706600000, 0x0000000706600000| Untracked 
|  87|0x0000000706700000, 0x0000000706700000, 0x0000000706800000|  0%| F|  |TAMS 0x0000000706700000, 0x0000000706700000| Untracked 
|  88|0x0000000706800000, 0x0000000706800000, 0x0000000706900000|  0%| F|  |TAMS 0x0000000706800000, 0x0000000706800000| Untracked 
|  89|0x0000000706900000, 0x0000000706900000, 0x0000000706a00000|  0%| F|  |TAMS 0x0000000706900000, 0x0000000706900000| Untracked 
|  90|0x0000000706a00000, 0x0000000706a00000, 0x0000000706b00000|  0%| F|  |TAMS 0x0000000706a00000, 0x0000000706a00000| Untracked 
|  91|0x0000000706b00000, 0x0000000706b00000, 0x0000000706c00000|  0%| F|  |TAMS 0x0000000706b00000, 0x0000000706b00000| Untracked 
|  92|0x0000000706c00000, 0x0000000706c00000, 0x0000000706d00000|  0%| F|  |TAMS 0x0000000706c00000, 0x0000000706c00000| Untracked 
|  93|0x0000000706d00000, 0x0000000706d00000, 0x0000000706e00000|  0%| F|  |TAMS 0x0000000706d00000, 0x0000000706d00000| Untracked 
|  94|0x0000000706e00000, 0x0000000706e00000, 0x0000000706f00000|  0%| F|  |TAMS 0x0000000706e00000, 0x0000000706e00000| Untracked 
|  95|0x0000000706f00000, 0x0000000706f00000, 0x0000000707000000|  0%| F|  |TAMS 0x0000000706f00000, 0x0000000706f00000| Untracked 
|  96|0x0000000707000000, 0x0000000707000000, 0x0000000707100000|  0%| F|  |TAMS 0x0000000707000000, 0x0000000707000000| Untracked 
|  97|0x0000000707100000, 0x0000000707100000, 0x0000000707200000|  0%| F|  |TAMS 0x0000000707100000, 0x0000000707100000| Untracked 
|  98|0x0000000707200000, 0x0000000707200000, 0x0000000707300000|  0%| F|  |TAMS 0x0000000707200000, 0x0000000707200000| Untracked 
|  99|0x0000000707300000, 0x0000000707300000, 0x0000000707400000|  0%| F|  |TAMS 0x0000000707300000, 0x0000000707300000| Untracked 
| 100|0x0000000707400000, 0x0000000707400000, 0x0000000707500000|  0%| F|  |TAMS 0x0000000707400000, 0x0000000707400000| Untracked 
| 101|0x0000000707500000, 0x0000000707500000, 0x0000000707600000|  0%| F|  |TAMS 0x0000000707500000, 0x0000000707500000| Untracked 
| 102|0x0000000707600000, 0x0000000707600000, 0x0000000707700000|  0%| F|  |TAMS 0x0000000707600000, 0x0000000707600000| Untracked 
| 103|0x0000000707700000, 0x0000000707700000, 0x0000000707800000|  0%| F|  |TAMS 0x0000000707700000, 0x0000000707700000| Untracked 
| 104|0x0000000707800000, 0x0000000707800000, 0x0000000707900000|  0%| F|  |TAMS 0x0000000707800000, 0x0000000707800000| Untracked 
| 105|0x0000000707900000, 0x0000000707900000, 0x0000000707a00000|  0%| F|  |TAMS 0x0000000707900000, 0x0000000707900000| Untracked 
| 106|0x0000000707a00000, 0x0000000707a00000, 0x0000000707b00000|  0%| F|  |TAMS 0x0000000707a00000, 0x0000000707a00000| Untracked 
| 107|0x0000000707b00000, 0x0000000707b00000, 0x0000000707c00000|  0%| F|  |TAMS 0x0000000707b00000, 0x0000000707b00000| Untracked 
| 108|0x0000000707c00000, 0x0000000707c00000, 0x0000000707d00000|  0%| F|  |TAMS 0x0000000707c00000, 0x0000000707c00000| Untracked 
| 109|0x0000000707d00000, 0x0000000707d00000, 0x0000000707e00000|  0%| F|  |TAMS 0x0000000707d00000, 0x0000000707d00000| Untracked 
| 110|0x0000000707e00000, 0x0000000707e00000, 0x0000000707f00000|  0%| F|  |TAMS 0x0000000707e00000, 0x0000000707e00000| Untracked 
| 111|0x0000000707f00000, 0x0000000707f00000, 0x0000000708000000|  0%| F|  |TAMS 0x0000000707f00000, 0x0000000707f00000| Untracked 
| 112|0x0000000708000000, 0x0000000708000000, 0x0000000708100000|  0%| F|  |TAMS 0x0000000708000000, 0x0000000708000000| Untracked 
| 113|0x0000000708100000, 0x0000000708100000, 0x0000000708200000|  0%| F|  |TAMS 0x0000000708100000, 0x0000000708100000| Untracked 
| 114|0x0000000708200000, 0x0000000708200000, 0x0000000708300000|  0%| F|  |TAMS 0x0000000708200000, 0x0000000708200000| Untracked 
| 115|0x0000000708300000, 0x0000000708300000, 0x0000000708400000|  0%| F|  |TAMS 0x0000000708300000, 0x0000000708300000| Untracked 
| 116|0x0000000708400000, 0x0000000708400000, 0x0000000708500000|  0%| F|  |TAMS 0x0000000708400000, 0x0000000708400000| Untracked 
| 117|0x0000000708500000, 0x0000000708500000, 0x0000000708600000|  0%| F|  |TAMS 0x0000000708500000, 0x0000000708500000| Untracked 
| 118|0x0000000708600000, 0x0000000708600000, 0x0000000708700000|  0%| F|  |TAMS 0x0000000708600000, 0x0000000708600000| Untracked 
| 119|0x0000000708700000, 0x0000000708700000, 0x0000000708800000|  0%| F|  |TAMS 0x0000000708700000, 0x0000000708700000| Untracked 
| 120|0x0000000708800000, 0x0000000708800000, 0x0000000708900000|  0%| F|  |TAMS 0x0000000708800000, 0x0000000708800000| Untracked 
| 121|0x0000000708900000, 0x0000000708900000, 0x0000000708a00000|  0%| F|  |TAMS 0x0000000708900000, 0x0000000708900000| Untracked 
| 122|0x0000000708a00000, 0x0000000708a00000, 0x0000000708b00000|  0%| F|  |TAMS 0x0000000708a00000, 0x0000000708a00000| Untracked 
| 123|0x0000000708b00000, 0x0000000708b00000, 0x0000000708c00000|  0%| F|  |TAMS 0x0000000708b00000, 0x0000000708b00000| Untracked 
| 124|0x0000000708c00000, 0x0000000708c00000, 0x0000000708d00000|  0%| F|  |TAMS 0x0000000708c00000, 0x0000000708c00000| Untracked 
| 125|0x0000000708d00000, 0x0000000708d00000, 0x0000000708e00000|  0%| F|  |TAMS 0x0000000708d00000, 0x0000000708d00000| Untracked 
| 126|0x0000000708e00000, 0x0000000708e00000, 0x0000000708f00000|  0%| F|  |TAMS 0x0000000708e00000, 0x0000000708e00000| Untracked 
| 127|0x0000000708f00000, 0x0000000708f00000, 0x0000000709000000|  0%| F|  |TAMS 0x0000000708f00000, 0x0000000708f00000| Untracked 
| 128|0x0000000709000000, 0x0000000709000000, 0x0000000709100000|  0%| F|  |TAMS 0x0000000709000000, 0x0000000709000000| Untracked 
| 129|0x0000000709100000, 0x0000000709100000, 0x0000000709200000|  0%| F|  |TAMS 0x0000000709100000, 0x0000000709100000| Untracked 
| 130|0x0000000709200000, 0x0000000709200000, 0x0000000709300000|  0%| F|  |TAMS 0x0000000709200000, 0x0000000709200000| Untracked 
| 131|0x0000000709300000, 0x0000000709300000, 0x0000000709400000|  0%| F|  |TAMS 0x0000000709300000, 0x0000000709300000| Untracked 
| 132|0x0000000709400000, 0x0000000709400000, 0x0000000709500000|  0%| F|  |TAMS 0x0000000709400000, 0x0000000709400000| Untracked 
| 133|0x0000000709500000, 0x0000000709500000, 0x0000000709600000|  0%| F|  |TAMS 0x0000000709500000, 0x0000000709500000| Untracked 
| 134|0x0000000709600000, 0x0000000709600000, 0x0000000709700000|  0%| F|  |TAMS 0x0000000709600000, 0x0000000709600000| Untracked 
| 135|0x0000000709700000, 0x0000000709700000, 0x0000000709800000|  0%| F|  |TAMS 0x0000000709700000, 0x0000000709700000| Untracked 
| 136|0x0000000709800000, 0x0000000709800000, 0x0000000709900000|  0%| F|  |TAMS 0x0000000709800000, 0x0000000709800000| Untracked 
| 137|0x0000000709900000, 0x0000000709900000, 0x0000000709a00000|  0%| F|  |TAMS 0x0000000709900000, 0x0000000709900000| Untracked 
| 138|0x0000000709a00000, 0x0000000709a00000, 0x0000000709b00000|  0%| F|  |TAMS 0x0000000709a00000, 0x0000000709a00000| Untracked 
| 139|0x0000000709b00000, 0x0000000709b00000, 0x0000000709c00000|  0%| F|  |TAMS 0x0000000709b00000, 0x0000000709b00000| Untracked 
| 140|0x0000000709c00000, 0x0000000709c00000, 0x0000000709d00000|  0%| F|  |TAMS 0x0000000709c00000, 0x0000000709c00000| Untracked 
| 141|0x0000000709d00000, 0x0000000709d00000, 0x0000000709e00000|  0%| F|  |TAMS 0x0000000709d00000, 0x0000000709d00000| Untracked 
| 142|0x0000000709e00000, 0x0000000709e00000, 0x0000000709f00000|  0%| F|  |TAMS 0x0000000709e00000, 0x0000000709e00000| Untracked 
| 143|0x0000000709f00000, 0x0000000709f00000, 0x000000070a000000|  0%| F|  |TAMS 0x0000000709f00000, 0x0000000709f00000| Untracked 
| 144|0x000000070a000000, 0x000000070a000000, 0x000000070a100000|  0%| F|  |TAMS 0x000000070a000000, 0x000000070a000000| Untracked 
| 145|0x000000070a100000, 0x000000070a100000, 0x000000070a200000|  0%| F|  |TAMS 0x000000070a100000, 0x000000070a100000| Untracked 
| 146|0x000000070a200000, 0x000000070a200000, 0x000000070a300000|  0%| F|  |TAMS 0x000000070a200000, 0x000000070a200000| Untracked 
| 147|0x000000070a300000, 0x000000070a300000, 0x000000070a400000|  0%| F|  |TAMS 0x000000070a300000, 0x000000070a300000| Untracked 
| 148|0x000000070a400000, 0x000000070a400000, 0x000000070a500000|  0%| F|  |TAMS 0x000000070a400000, 0x000000070a400000| Untracked 
| 149|0x000000070a500000, 0x000000070a500000, 0x000000070a600000|  0%| F|  |TAMS 0x000000070a500000, 0x000000070a500000| Untracked 
| 150|0x000000070a600000, 0x000000070a600000, 0x000000070a700000|  0%| F|  |TAMS 0x000000070a600000, 0x000000070a600000| Untracked 
| 151|0x000000070a700000, 0x000000070a700000, 0x000000070a800000|  0%| F|  |TAMS 0x000000070a700000, 0x000000070a700000| Untracked 
| 152|0x000000070a800000, 0x000000070a800000, 0x000000070a900000|  0%| F|  |TAMS 0x000000070a800000, 0x000000070a800000| Untracked 
| 153|0x000000070a900000, 0x000000070a900000, 0x000000070aa00000|  0%| F|  |TAMS 0x000000070a900000, 0x000000070a900000| Untracked 
| 154|0x000000070aa00000, 0x000000070aa00000, 0x000000070ab00000|  0%| F|  |TAMS 0x000000070aa00000, 0x000000070aa00000| Untracked 
| 155|0x000000070ab00000, 0x000000070ab00000, 0x000000070ac00000|  0%| F|  |TAMS 0x000000070ab00000, 0x000000070ab00000| Untracked 
| 156|0x000000070ac00000, 0x000000070ac00000, 0x000000070ad00000|  0%| F|  |TAMS 0x000000070ac00000, 0x000000070ac00000| Untracked 
| 157|0x000000070ad00000, 0x000000070ad00000, 0x000000070ae00000|  0%| F|  |TAMS 0x000000070ad00000, 0x000000070ad00000| Untracked 
| 158|0x000000070ae00000, 0x000000070ae00000, 0x000000070af00000|  0%| F|  |TAMS 0x000000070ae00000, 0x000000070ae00000| Untracked 
| 159|0x000000070af00000, 0x000000070af00000, 0x000000070b000000|  0%| F|  |TAMS 0x000000070af00000, 0x000000070af00000| Untracked 
| 160|0x000000070b000000, 0x000000070b000000, 0x000000070b100000|  0%| F|  |TAMS 0x000000070b000000, 0x000000070b000000| Untracked 
| 161|0x000000070b100000, 0x000000070b100000, 0x000000070b200000|  0%| F|  |TAMS 0x000000070b100000, 0x000000070b100000| Untracked 
| 162|0x000000070b200000, 0x000000070b200000, 0x000000070b300000|  0%| F|  |TAMS 0x000000070b200000, 0x000000070b200000| Untracked 
| 163|0x000000070b300000, 0x000000070b300000, 0x000000070b400000|  0%| F|  |TAMS 0x000000070b300000, 0x000000070b300000| Untracked 
| 164|0x000000070b400000, 0x000000070b400000, 0x000000070b500000|  0%| F|  |TAMS 0x000000070b400000, 0x000000070b400000| Untracked 
| 165|0x000000070b500000, 0x000000070b500000, 0x000000070b600000|  0%| F|  |TAMS 0x000000070b500000, 0x000000070b500000| Untracked 
| 166|0x000000070b600000, 0x000000070b600000, 0x000000070b700000|  0%| F|  |TAMS 0x000000070b600000, 0x000000070b600000| Untracked 
| 167|0x000000070b700000, 0x000000070b700000, 0x000000070b800000|  0%| F|  |TAMS 0x000000070b700000, 0x000000070b700000| Untracked 
| 168|0x000000070b800000, 0x000000070b800000, 0x000000070b900000|  0%| F|  |TAMS 0x000000070b800000, 0x000000070b800000| Untracked 
| 169|0x000000070b900000, 0x000000070b900000, 0x000000070ba00000|  0%| F|  |TAMS 0x000000070b900000, 0x000000070b900000| Untracked 
| 170|0x000000070ba00000, 0x000000070ba00000, 0x000000070bb00000|  0%| F|  |TAMS 0x000000070ba00000, 0x000000070ba00000| Untracked 
| 171|0x000000070bb00000, 0x000000070bb00000, 0x000000070bc00000|  0%| F|  |TAMS 0x000000070bb00000, 0x000000070bb00000| Untracked 
| 172|0x000000070bc00000, 0x000000070bc00000, 0x000000070bd00000|  0%| F|  |TAMS 0x000000070bc00000, 0x000000070bc00000| Untracked 
| 173|0x000000070bd00000, 0x000000070bd00000, 0x000000070be00000|  0%| F|  |TAMS 0x000000070bd00000, 0x000000070bd00000| Untracked 
| 174|0x000000070be00000, 0x000000070be00000, 0x000000070bf00000|  0%| F|  |TAMS 0x000000070be00000, 0x000000070be00000| Untracked 
| 175|0x000000070bf00000, 0x000000070bf00000, 0x000000070c000000|  0%| F|  |TAMS 0x000000070bf00000, 0x000000070bf00000| Untracked 
| 176|0x000000070c000000, 0x000000070c000000, 0x000000070c100000|  0%| F|  |TAMS 0x000000070c000000, 0x000000070c000000| Untracked 
| 177|0x000000070c100000, 0x000000070c100000, 0x000000070c200000|  0%| F|  |TAMS 0x000000070c100000, 0x000000070c100000| Untracked 
| 178|0x000000070c200000, 0x000000070c200000, 0x000000070c300000|  0%| F|  |TAMS 0x000000070c200000, 0x000000070c200000| Untracked 
| 179|0x000000070c300000, 0x000000070c300000, 0x000000070c400000|  0%| F|  |TAMS 0x000000070c300000, 0x000000070c300000| Untracked 
| 180|0x000000070c400000, 0x000000070c400000, 0x000000070c500000|  0%| F|  |TAMS 0x000000070c400000, 0x000000070c400000| Untracked 
| 181|0x000000070c500000, 0x000000070c500000, 0x000000070c600000|  0%| F|  |TAMS 0x000000070c500000, 0x000000070c500000| Untracked 
| 182|0x000000070c600000, 0x000000070c600000, 0x000000070c700000|  0%| F|  |TAMS 0x000000070c600000, 0x000000070c600000| Untracked 
| 183|0x000000070c700000, 0x000000070c700000, 0x000000070c800000|  0%| F|  |TAMS 0x000000070c700000, 0x000000070c700000| Untracked 
| 184|0x000000070c800000, 0x000000070c800000, 0x000000070c900000|  0%| F|  |TAMS 0x000000070c800000, 0x000000070c800000| Untracked 
| 185|0x000000070c900000, 0x000000070c900000, 0x000000070ca00000|  0%| F|  |TAMS 0x000000070c900000, 0x000000070c900000| Untracked 
| 186|0x000000070ca00000, 0x000000070ca00000, 0x000000070cb00000|  0%| F|  |TAMS 0x000000070ca00000, 0x000000070ca00000| Untracked 
| 187|0x000000070cb00000, 0x000000070cb00000, 0x000000070cc00000|  0%| F|  |TAMS 0x000000070cb00000, 0x000000070cb00000| Untracked 
| 188|0x000000070cc00000, 0x000000070cc00000, 0x000000070cd00000|  0%| F|  |TAMS 0x000000070cc00000, 0x000000070cc00000| Untracked 
| 189|0x000000070cd00000, 0x000000070cd00000, 0x000000070ce00000|  0%| F|  |TAMS 0x000000070cd00000, 0x000000070cd00000| Untracked 
| 190|0x000000070ce00000, 0x000000070ce00000, 0x000000070cf00000|  0%| F|  |TAMS 0x000000070ce00000, 0x000000070ce00000| Untracked 
| 191|0x000000070cf00000, 0x000000070cf00000, 0x000000070d000000|  0%| F|  |TAMS 0x000000070cf00000, 0x000000070cf00000| Untracked 
| 192|0x000000070d000000, 0x000000070d000000, 0x000000070d100000|  0%| F|  |TAMS 0x000000070d000000, 0x000000070d000000| Untracked 
| 193|0x000000070d100000, 0x000000070d100000, 0x000000070d200000|  0%| F|  |TAMS 0x000000070d100000, 0x000000070d100000| Untracked 
| 194|0x000000070d200000, 0x000000070d200000, 0x000000070d300000|  0%| F|  |TAMS 0x000000070d200000, 0x000000070d200000| Untracked 
| 195|0x000000070d300000, 0x000000070d300000, 0x000000070d400000|  0%| F|  |TAMS 0x000000070d300000, 0x000000070d300000| Untracked 
| 196|0x000000070d400000, 0x000000070d400000, 0x000000070d500000|  0%| F|  |TAMS 0x000000070d400000, 0x000000070d400000| Untracked 
| 197|0x000000070d500000, 0x000000070d500000, 0x000000070d600000|  0%| F|  |TAMS 0x000000070d500000, 0x000000070d500000| Untracked 
| 198|0x000000070d600000, 0x000000070d600000, 0x000000070d700000|  0%| F|  |TAMS 0x000000070d600000, 0x000000070d600000| Untracked 
| 199|0x000000070d700000, 0x000000070d700000, 0x000000070d800000|  0%| F|  |TAMS 0x000000070d700000, 0x000000070d700000| Untracked 
| 200|0x000000070d800000, 0x000000070d800000, 0x000000070d900000|  0%| F|  |TAMS 0x000000070d800000, 0x000000070d800000| Untracked 
| 201|0x000000070d900000, 0x000000070d900000, 0x000000070da00000|  0%| F|  |TAMS 0x000000070d900000, 0x000000070d900000| Untracked 
| 202|0x000000070da00000, 0x000000070da00000, 0x000000070db00000|  0%| F|  |TAMS 0x000000070da00000, 0x000000070da00000| Untracked 
| 203|0x000000070db00000, 0x000000070db00000, 0x000000070dc00000|  0%| F|  |TAMS 0x000000070db00000, 0x000000070db00000| Untracked 
| 204|0x000000070dc00000, 0x000000070dc00000, 0x000000070dd00000|  0%| F|  |TAMS 0x000000070dc00000, 0x000000070dc00000| Untracked 
| 205|0x000000070dd00000, 0x000000070dd00000, 0x000000070de00000|  0%| F|  |TAMS 0x000000070dd00000, 0x000000070dd00000| Untracked 
| 206|0x000000070de00000, 0x000000070de00000, 0x000000070df00000|  0%| F|  |TAMS 0x000000070de00000, 0x000000070de00000| Untracked 
| 207|0x000000070df00000, 0x000000070df00000, 0x000000070e000000|  0%| F|  |TAMS 0x000000070df00000, 0x000000070df00000| Untracked 
| 208|0x000000070e000000, 0x000000070e000000, 0x000000070e100000|  0%| F|  |TAMS 0x000000070e000000, 0x000000070e000000| Untracked 
| 209|0x000000070e100000, 0x000000070e100000, 0x000000070e200000|  0%| F|  |TAMS 0x000000070e100000, 0x000000070e100000| Untracked 
| 210|0x000000070e200000, 0x000000070e200000, 0x000000070e300000|  0%| F|  |TAMS 0x000000070e200000, 0x000000070e200000| Untracked 
| 211|0x000000070e300000, 0x000000070e300000, 0x000000070e400000|  0%| F|  |TAMS 0x000000070e300000, 0x000000070e300000| Untracked 
| 212|0x000000070e400000, 0x000000070e400000, 0x000000070e500000|  0%| F|  |TAMS 0x000000070e400000, 0x000000070e400000| Untracked 
| 213|0x000000070e500000, 0x000000070e500000, 0x000000070e600000|  0%| F|  |TAMS 0x000000070e500000, 0x000000070e500000| Untracked 
| 214|0x000000070e600000, 0x000000070e600000, 0x000000070e700000|  0%| F|  |TAMS 0x000000070e600000, 0x000000070e600000| Untracked 
| 215|0x000000070e700000, 0x000000070e700000, 0x000000070e800000|  0%| F|  |TAMS 0x000000070e700000, 0x000000070e700000| Untracked 
| 216|0x000000070e800000, 0x000000070e800000, 0x000000070e900000|  0%| F|  |TAMS 0x000000070e800000, 0x000000070e800000| Untracked 
| 217|0x000000070e900000, 0x000000070e900000, 0x000000070ea00000|  0%| F|  |TAMS 0x000000070e900000, 0x000000070e900000| Untracked 
| 218|0x000000070ea00000, 0x000000070ea00000, 0x000000070eb00000|  0%| F|  |TAMS 0x000000070ea00000, 0x000000070ea00000| Untracked 
| 219|0x000000070eb00000, 0x000000070eb00000, 0x000000070ec00000|  0%| F|  |TAMS 0x000000070eb00000, 0x000000070eb00000| Untracked 
| 220|0x000000070ec00000, 0x000000070ec00000, 0x000000070ed00000|  0%| F|  |TAMS 0x000000070ec00000, 0x000000070ec00000| Untracked 
| 221|0x000000070ed00000, 0x000000070ed00000, 0x000000070ee00000|  0%| F|  |TAMS 0x000000070ed00000, 0x000000070ed00000| Untracked 
| 222|0x000000070ee00000, 0x000000070ee00000, 0x000000070ef00000|  0%| F|  |TAMS 0x000000070ee00000, 0x000000070ee00000| Untracked 
| 223|0x000000070ef00000, 0x000000070ef00000, 0x000000070f000000|  0%| F|  |TAMS 0x000000070ef00000, 0x000000070ef00000| Untracked 
| 224|0x000000070f000000, 0x000000070f000000, 0x000000070f100000|  0%| F|  |TAMS 0x000000070f000000, 0x000000070f000000| Untracked 
| 225|0x000000070f100000, 0x000000070f100000, 0x000000070f200000|  0%| F|  |TAMS 0x000000070f100000, 0x000000070f100000| Untracked 
| 226|0x000000070f200000, 0x000000070f200000, 0x000000070f300000|  0%| F|  |TAMS 0x000000070f200000, 0x000000070f200000| Untracked 
| 227|0x000000070f300000, 0x000000070f300000, 0x000000070f400000|  0%| F|  |TAMS 0x000000070f300000, 0x000000070f300000| Untracked 
| 228|0x000000070f400000, 0x000000070f400000, 0x000000070f500000|  0%| F|  |TAMS 0x000000070f400000, 0x000000070f400000| Untracked 
| 229|0x000000070f500000, 0x000000070f500000, 0x000000070f600000|  0%| F|  |TAMS 0x000000070f500000, 0x000000070f500000| Untracked 
| 230|0x000000070f600000, 0x000000070f600000, 0x000000070f700000|  0%| F|  |TAMS 0x000000070f600000, 0x000000070f600000| Untracked 
| 231|0x000000070f700000, 0x000000070f700000, 0x000000070f800000|  0%| F|  |TAMS 0x000000070f700000, 0x000000070f700000| Untracked 
| 232|0x000000070f800000, 0x000000070f800000, 0x000000070f900000|  0%| F|  |TAMS 0x000000070f800000, 0x000000070f800000| Untracked 
| 233|0x000000070f900000, 0x000000070f900000, 0x000000070fa00000|  0%| F|  |TAMS 0x000000070f900000, 0x000000070f900000| Untracked 
| 234|0x000000070fa00000, 0x000000070fa00000, 0x000000070fb00000|  0%| F|  |TAMS 0x000000070fa00000, 0x000000070fa00000| Untracked 
| 235|0x000000070fb00000, 0x000000070fb00000, 0x000000070fc00000|  0%| F|  |TAMS 0x000000070fb00000, 0x000000070fb00000| Untracked 
| 236|0x000000070fc00000, 0x000000070fc00000, 0x000000070fd00000|  0%| F|  |TAMS 0x000000070fc00000, 0x000000070fc00000| Untracked 
| 237|0x000000070fd00000, 0x000000070fd00000, 0x000000070fe00000|  0%| F|  |TAMS 0x000000070fd00000, 0x000000070fd00000| Untracked 
| 238|0x000000070fe00000, 0x000000070fe00000, 0x000000070ff00000|  0%| F|  |TAMS 0x000000070fe00000, 0x000000070fe00000| Untracked 
| 239|0x000000070ff00000, 0x000000070ff00000, 0x0000000710000000|  0%| F|  |TAMS 0x000000070ff00000, 0x000000070ff00000| Untracked 
| 240|0x0000000710000000, 0x0000000710000000, 0x0000000710100000|  0%| F|  |TAMS 0x0000000710000000, 0x0000000710000000| Untracked 
| 241|0x0000000710100000, 0x0000000710100000, 0x0000000710200000|  0%| F|  |TAMS 0x0000000710100000, 0x0000000710100000| Untracked 
| 242|0x0000000710200000, 0x0000000710200000, 0x0000000710300000|  0%| F|  |TAMS 0x0000000710200000, 0x0000000710200000| Untracked 
| 243|0x0000000710300000, 0x0000000710300000, 0x0000000710400000|  0%| F|  |TAMS 0x0000000710300000, 0x0000000710300000| Untracked 
| 244|0x0000000710400000, 0x0000000710400000, 0x0000000710500000|  0%| F|  |TAMS 0x0000000710400000, 0x0000000710400000| Untracked 
| 245|0x0000000710500000, 0x0000000710500000, 0x0000000710600000|  0%| F|  |TAMS 0x0000000710500000, 0x0000000710500000| Untracked 
| 246|0x0000000710600000, 0x0000000710600000, 0x0000000710700000|  0%| F|  |TAMS 0x0000000710600000, 0x0000000710600000| Untracked 
| 247|0x0000000710700000, 0x0000000710700000, 0x0000000710800000|  0%| F|  |TAMS 0x0000000710700000, 0x0000000710700000| Untracked 
| 248|0x0000000710800000, 0x0000000710800000, 0x0000000710900000|  0%| F|  |TAMS 0x0000000710800000, 0x0000000710800000| Untracked 
| 249|0x0000000710900000, 0x0000000710900000, 0x0000000710a00000|  0%| F|  |TAMS 0x0000000710900000, 0x0000000710900000| Untracked 
| 250|0x0000000710a00000, 0x0000000710a00000, 0x0000000710b00000|  0%| F|  |TAMS 0x0000000710a00000, 0x0000000710a00000| Untracked 
| 251|0x0000000710b00000, 0x0000000710b00000, 0x0000000710c00000|  0%| F|  |TAMS 0x0000000710b00000, 0x0000000710b00000| Untracked 
| 252|0x0000000710c00000, 0x0000000710c00000, 0x0000000710d00000|  0%| F|  |TAMS 0x0000000710c00000, 0x0000000710c00000| Untracked 
| 253|0x0000000710d00000, 0x0000000710d00000, 0x0000000710e00000|  0%| F|  |TAMS 0x0000000710d00000, 0x0000000710d00000| Untracked 
| 254|0x0000000710e00000, 0x0000000710e00000, 0x0000000710f00000|  0%| F|  |TAMS 0x0000000710e00000, 0x0000000710e00000| Untracked 
| 255|0x0000000710f00000, 0x0000000711000000, 0x0000000711000000|100%| E|  |TAMS 0x0000000710f00000, 0x0000000710f00000| Complete 

Card table byte_map: [0x000002469d890000,0x000002469e090000] _byte_map_base: 0x000002469a088000

Marking Bits (Prev, Next): (CMBitMap*) 0x0000024685836798, (CMBitMap*) 0x00000246858367d8
 Prev Bits: [0x000002469e890000, 0x00000246a2850000)
 Next Bits: [0x00000246a2850000, 0x00000246a6810000)

Polling page: 0x0000024683610000

Metaspace:

Usage:
  Non-class:      4.08 MB capacity,   240.57 KB (  6%) used,     3.84 MB ( 94%) free+waste,   384 bytes ( <1%) overhead. 
      Class:    392.00 KB capacity,    16.20 KB (  4%) used,   375.48 KB ( 96%) free+waste,   320 bytes ( <1%) overhead. 
       Both:      4.46 MB capacity,   256.77 KB (  6%) used,     4.21 MB ( 94%) free+waste,   704 bytes ( <1%) overhead. 

Virtual space:
  Non-class space:        8.00 MB reserved,       4.25 MB ( 53%) committed 
      Class space:        1.00 GB reserved,     512.00 KB ( <1%) committed 
             Both:        1.01 GB reserved,       4.75 MB ( <1%) committed 

Chunk freelists:
   Non-Class:  48.00 KB
       Class:  0 bytes
        Both:  48.00 KB

MaxMetaspaceSize: 17179869184.00 GB
CompressedClassSpaceSize: 1.00 GB

CodeHeap 'non-profiled nmethods': size=120000Kb used=20Kb max_used=20Kb free=119979Kb
 bounds [0x0000024695a50000, 0x0000024695cc0000, 0x000002469cf80000]
CodeHeap 'profiled nmethods': size=120000Kb used=134Kb max_used=134Kb free=119865Kb
 bounds [0x000002468e520000, 0x000002468e790000, 0x0000024695a50000]
CodeHeap 'non-nmethods': size=5760Kb used=1046Kb max_used=1057Kb free=4713Kb
 bounds [0x000002468df80000, 0x000002468e1f0000, 0x000002468e520000]
 total_blobs=673 nmethods=97 adapters=177
 compilation: enabled
              stopped_count=0, restarted_count=0
 full_count=0

Compilation events (20 events):
Event: 0.255 Thread 0x00000246a9a0c000   88       3       java.lang.StringUTF16::compress (50 bytes)
Event: 0.255 Thread 0x00000246a9a0c000 nmethod 88 0x000002468e53cc90 code [0x000002468e53ce40, 0x000002468e53d078]
Event: 0.256 Thread 0x00000246a9a0c000   89       3       java.lang.StringLatin1::lastIndexOf (40 bytes)
Event: 0.256 Thread 0x00000246a9a0c000 nmethod 89 0x000002468e53d210 code [0x000002468e53d3e0, 0x000002468e53d798]
Event: 0.256 Thread 0x00000246a9a0c000   90       3       java.lang.ref.Reference::reachabilityFence (1 bytes)
Event: 0.256 Thread 0x00000246a9a0c000 nmethod 90 0x000002468e53d910 code [0x000002468e53daa0, 0x000002468e53db78]
Event: 0.256 Thread 0x00000246a9a0c000   91       3       java.lang.String::substring (58 bytes)
Event: 0.256 Thread 0x00000246a9a0c000 nmethod 91 0x000002468e53dc10 code [0x000002468e53de20, 0x000002468e53e4e8]
Event: 0.256 Thread 0x00000246a9a0c000   92       3       java.lang.String::indexOf (7 bytes)
Event: 0.257 Thread 0x00000246a9a0c000 nmethod 92 0x000002468e53e710 code [0x000002468e53e8e0, 0x000002468e53ebf8]
Event: 0.257 Thread 0x00000246a9a0c000   94       3       java.util.Arrays::copyOfRange (64 bytes)
Event: 0.257 Thread 0x00000246a9a0c000 nmethod 94 0x000002468e53ed10 code [0x000002468e53efa0, 0x000002468e53fb18]
Event: 0.257 Thread 0x00000246a9a0c000   93       3       java.lang.String::checkBoundsOffCount (64 bytes)
Event: 0.258 Thread 0x00000246a9a0c000 nmethod 93 0x000002468e53ff90 code [0x000002468e540240, 0x000002468e540d98]
Event: 0.258 Thread 0x00000246a9a0c000   95       1       java.lang.ClassLoaderHelper::mapAlternativeName (2 bytes)
Event: 0.258 Thread 0x00000246a9a0c000 nmethod 95 0x0000024695a54d90 code [0x0000024695a54f20, 0x0000024695a54fb8]
Event: 0.260 Thread 0x00000246a9a0c000   96       3       java.lang.String::hashCode (60 bytes)
Event: 0.260 Thread 0x00000246a9179800   97       4       java.lang.String::isLatin1 (19 bytes)
Event: 0.260 Thread 0x00000246a9a0c000 nmethod 96 0x000002468e541210 code [0x000002468e5413e0, 0x000002468e541868]
Event: 0.260 Thread 0x00000246a9179800 nmethod 97 0x0000024695a55090 code [0x0000024695a55200, 0x0000024695a55278]

GC Heap History (0 events):
No events

Deoptimization events (4 events):
Event: 0.042 Thread 0x00000246857cf000 Uncommon trap: trap_request=0xffffff45 fr.pc=0x0000024695a54428 relative=0x0000000000000248
Event: 0.042 Thread 0x00000246857cf000 Uncommon trap: reason=unstable_if action=reinterpret pc=0x0000024695a54428 method=java.lang.String.hashCode()I @ 13 c2
Event: 0.042 Thread 0x00000246857cf000 DEOPT PACKING pc=0x0000024695a54428 sp=0x0000009f8d6fe330
Event: 0.042 Thread 0x00000246857cf000 DEOPT UNPACKING pc=0x000002468dfc912f sp=0x0000009f8d6fe2c0 mode 2

Classes unloaded (0 events):
No events

Classes redefined (0 events):
No events

Internal exceptions (0 events):
No events

Events (20 events):
Event: 0.024 loading class sun/nio/cs/UTF_8$Encoder done
Event: 0.025 Thread 0x00000246a9174800 Thread added: 0x00000246a9174800
Event: 0.025 Thread 0x00000246a9177800 Thread added: 0x00000246a9177800
Event: 0.025 Thread 0x00000246a9178800 Thread added: 0x00000246a9178800
Event: 0.026 Thread 0x00000246a9179800 Thread added: 0x00000246a9179800
Event: 0.026 Thread 0x00000246a9a0c000 Thread added: 0x00000246a9a0c000
Event: 0.026 Thread 0x00000246a9a1a800 Thread added: 0x00000246a9a1a800
Event: 0.038 Thread 0x00000246a9b43800 Thread added: 0x00000246a9b43800
Event: 0.040 loading class jdk/internal/loader/URLClassPath$FileLoader
Event: 0.040 loading class jdk/internal/loader/URLClassPath$FileLoader done
Event: 0.041 loading class jdk/internal/loader/URLClassPath$FileLoader$1
Event: 0.041 loading class jdk/internal/loader/URLClassPath$FileLoader$1 done
Event: 0.041 Thread 0x00000246a9b6c800 Thread added: 0x00000246a9b6c800
Event: 0.041 Executing VM operation: HandshakeOneThread
Event: 0.042 Executing VM operation: HandshakeOneThread done
Event: 0.044 loading class java/lang/NoSuchFieldError
Event: 0.045 loading class java/lang/NoSuchFieldError done
Event: 0.045 loading class java/lang/ClassLoaderHelper
Event: 0.045 loading class java/lang/ClassLoaderHelper done
Event: 0.071 Loaded shared library D:\Coding\Cpp\kvasir-jni\kvasir-jni.dll


Dynamic libraries:
0x00007ff6fcee0000 - 0x00007ff6fceef000 	C:\Program Files\Java\jdk-14.0.1\bin\java.exe
0x00007ffac9f50000 - 0x00007ffaca145000 	C:\WINDOWS\SYSTEM32\ntdll.dll
0x00007ffac9d50000 - 0x00007ffac9e0d000 	C:\WINDOWS\System32\KERNEL32.DLL
0x00007ffac7790000 - 0x00007ffac7a59000 	C:\WINDOWS\System32\KERNELBASE.dll
0x00007ffac7eb0000 - 0x00007ffac7fb0000 	C:\WINDOWS\System32\ucrtbase.dll
0x00007ffac1bb0000 - 0x00007ffac1bc8000 	C:\Program Files\Java\jdk-14.0.1\bin\jli.dll
0x00007ffac1b00000 - 0x00007ffac1b15000 	C:\Program Files\Java\jdk-14.0.1\bin\VCRUNTIME140.dll
0x00007ffac8090000 - 0x00007ffac813c000 	C:\WINDOWS\System32\ADVAPI32.dll
0x00007ffac93c0000 - 0x00007ffac945e000 	C:\WINDOWS\System32\msvcrt.dll
0x00007ffac8fe0000 - 0x00007ffac907b000 	C:\WINDOWS\System32\sechost.dll
0x00007ffac83e0000 - 0x00007ffac850a000 	C:\WINDOWS\System32\RPCRT4.dll
0x00007ffac8510000 - 0x00007ffac86b0000 	C:\WINDOWS\System32\USER32.dll
0x00007ffa98d50000 - 0x00007ffa98fea000 	C:\WINDOWS\WinSxS\amd64_microsoft.windows.common-controls_6595b64144ccf1df_6.0.19041.1110_none_60b5254171f9507e\COMCTL32.dll
0x00007ffac76d0000 - 0x00007ffac76f2000 	C:\WINDOWS\System32\win32u.dll
0x00007ffac8fb0000 - 0x00007ffac8fda000 	C:\WINDOWS\System32\GDI32.dll
0x00007ffac7cd0000 - 0x00007ffac7ddb000 	C:\WINDOWS\System32\gdi32full.dll
0x00007ffac7de0000 - 0x00007ffac7e7d000 	C:\WINDOWS\System32\msvcp_win.dll
0x00007ffabc840000 - 0x00007ffabc84a000 	C:\WINDOWS\SYSTEM32\VERSION.dll
0x00007ffac9080000 - 0x00007ffac90b0000 	C:\WINDOWS\System32\IMM32.DLL
0x00007ffab9d80000 - 0x00007ffab9e1b000 	C:\Program Files\Java\jdk-14.0.1\bin\msvcp140.dll
0x00007ffa5dc10000 - 0x00007ffa5e72e000 	C:\Program Files\Java\jdk-14.0.1\bin\server\jvm.dll
0x00007ffac9d40000 - 0x00007ffac9d48000 	C:\WINDOWS\System32\PSAPI.DLL
0x00007ffac2110000 - 0x00007ffac2119000 	C:\WINDOWS\SYSTEM32\WSOCK32.dll
0x00007ffabc2e0000 - 0x00007ffabc307000 	C:\WINDOWS\SYSTEM32\WINMM.dll
0x00007ffac9e10000 - 0x00007ffac9e7b000 	C:\WINDOWS\System32\WS2_32.dll
0x00007ffac5570000 - 0x00007ffac5582000 	C:\WINDOWS\SYSTEM32\kernel.appcore.dll
0x00007ffac2090000 - 0x00007ffac209a000 	C:\Program Files\Java\jdk-14.0.1\bin\jimage.dll
0x00007ffabf990000 - 0x00007ffabfb74000 	C:\WINDOWS\SYSTEM32\DBGHELP.DLL
0x00007ffaaa600000 - 0x00007ffaaa62c000 	C:\WINDOWS\SYSTEM32\dbgcore.DLL
0x00007ffac7700000 - 0x00007ffac7783000 	C:\WINDOWS\System32\bcryptPrimitives.dll
0x00007ffac1a60000 - 0x00007ffac1a85000 	C:\Program Files\Java\jdk-14.0.1\bin\java.dll
0x00007ffac1660000 - 0x00007ffac1676000 	C:\Program Files\Java\jdk-14.0.1\bin\zip.dll
0x00007ffac86b0000 - 0x00007ffac8def000 	C:\WINDOWS\System32\SHELL32.dll
0x00007ffac5770000 - 0x00007ffac5f00000 	C:\WINDOWS\SYSTEM32\windows.storage.dll
0x00007ffac9500000 - 0x00007ffac9855000 	C:\WINDOWS\System32\combase.dll
0x00007ffac70c0000 - 0x00007ffac70ec000 	C:\WINDOWS\SYSTEM32\Wldp.dll
0x00007ffac8270000 - 0x00007ffac831e000 	C:\WINDOWS\System32\SHCORE.dll
0x00007ffac8320000 - 0x00007ffac8375000 	C:\WINDOWS\System32\shlwapi.dll
0x00007ffac75c0000 - 0x00007ffac75df000 	C:\WINDOWS\SYSTEM32\profapi.dll
0x00007ffa5ab10000 - 0x00007ffa5adb9000 	D:\Coding\Cpp\kvasir-jni\kvasir-jni.dll
0x00007ffaa4bb0000 - 0x00007ffaa4cc0000 	C:\WINDOWS\SYSTEM32\vulkan-1.dll
0x00007ffac7680000 - 0x00007ffac76ce000 	C:\WINDOWS\System32\CFGMGR32.dll
0x00007ffab9b20000 - 0x00007ffab9b4b000 	C:\WINDOWS\SYSTEM32\VCRUNTIME140D.dll
0x00007ffaa4e50000 - 0x00007ffaa4f33000 	C:\WINDOWS\SYSTEM32\MSVCP140D.dll
0x00007ffac1ac0000 - 0x00007ffac1acf000 	C:\WINDOWS\SYSTEM32\VCRUNTIME140_1D.dll
0x00007ffa87550000 - 0x00007ffa87717000 	C:\WINDOWS\SYSTEM32\ucrtbased.dll
0x00007ffac5f40000 - 0x00007ffac6034000 	C:\WINDOWS\system32\dxgi.dll
0x00007ffac5030000 - 0x00007ffac50ce000 	C:\WINDOWS\system32\uxtheme.dll
0x00007ffaa4d70000 - 0x00007ffaa4db5000 	C:\WINDOWS\SYSTEM32\dinput8.dll
0x00007ffab3990000 - 0x00007ffab39a1000 	C:\WINDOWS\SYSTEM32\xinput1_4.dll
0x00007ffac7420000 - 0x00007ffac7454000 	C:\WINDOWS\SYSTEM32\DEVOBJ.dll
0x00007ffac5390000 - 0x00007ffac53bf000 	C:\WINDOWS\SYSTEM32\dwmapi.dll
0x00007ffab8f10000 - 0x00007ffab9062000 	C:\WINDOWS\SYSTEM32\inputhost.dll
0x00007ffac9280000 - 0x00007ffac934d000 	C:\WINDOWS\System32\OLEAUT32.dll
0x00007ffac4ba0000 - 0x00007ffac4c92000 	C:\WINDOWS\SYSTEM32\CoreMessaging.dll
0x00007ffac4170000 - 0x00007ffac42c4000 	C:\WINDOWS\SYSTEM32\wintypes.dll
0x00007ffac3220000 - 0x00007ffac3316000 	C:\WINDOWS\SYSTEM32\PROPSYS.dll
0x00007ffac4840000 - 0x00007ffac4b9e000 	C:\WINDOWS\SYSTEM32\CoreUIComponents.dll
0x00007ffac6340000 - 0x00007ffac6373000 	C:\WINDOWS\SYSTEM32\ntmarta.dll
0x00007ffac9160000 - 0x00007ffac9275000 	C:\WINDOWS\System32\MSCTF.dll
0x00007ffa707c0000 - 0x00007ffa708e5000 	C:\WINDOWS\SYSTEM32\opengl32.dll
0x00007ffa70260000 - 0x00007ffa7028c000 	C:\WINDOWS\SYSTEM32\GLU32.dll
0x00007ffac90b0000 - 0x00007ffac9159000 	C:\WINDOWS\System32\clbcatq.dll
0x00007ffa6f790000 - 0x00007ffa6f7bb000 	C:\WINDOWS\System32\DriverStore\FileRepository\u0369070.inf_amd64_f201604fbb8aca98\B369060\atig6pxx.dll
0x00007ffa615a0000 - 0x00007ffa643f0000 	C:\WINDOWS\System32\DriverStore\FileRepository\u0369070.inf_amd64_f201604fbb8aca98\B369060\atio6axx.dll
0x00007ffac9860000 - 0x00007ffac9cd2000 	C:\WINDOWS\System32\SETUPAPI.dll
0x00007ffac7e80000 - 0x00007ffac7ea7000 	C:\WINDOWS\System32\bcrypt.dll
0x00007ffa93bb0000 - 0x00007ffa93bd4000 	C:\WINDOWS\SYSTEM32\dxva2.dll
0x00007ffac8140000 - 0x00007ffac826a000 	C:\WINDOWS\System32\ole32.dll
0x00007ffa6b070000 - 0x00007ffa6b0ac000 	C:\WINDOWS\System32\DriverStore\FileRepository\u0369070.inf_amd64_f201604fbb8aca98\B369060\atig6txx.dll
0x00007ffa8e020000 - 0x00007ffa8e1d5000 	C:\WINDOWS\SYSTEM32\atiadlxx.dll
0x00007ffab2010000 - 0x00007ffab2064000 	C:\WINDOWS\SYSTEM32\pdh.dll
0x00007ffac7c70000 - 0x00007ffac7cd0000 	C:\WINDOWS\System32\WINTRUST.dll
0x00007ffac7b10000 - 0x00007ffac7c6f000 	C:\WINDOWS\System32\CRYPT32.dll
0x00007ffac7260000 - 0x00007ffac7272000 	C:\WINDOWS\SYSTEM32\MSASN1.dll
0x00007ffac1e90000 - 0x00007ffac1ecb000 	C:\WINDOWS\SYSTEM32\dxcore.dll
0x00007ffab9070000 - 0x00007ffab9169000 	C:\WINDOWS\SYSTEM32\textinputframework.dll

dbghelp: loaded successfully - version: 4.0.5 - missing functions: none
symbol engine: initialized successfully - sym options: 0x614 - pdb path: .;C:\Program Files\Java\jdk-14.0.1\bin;C:\WINDOWS\SYSTEM32;C:\WINDOWS\WinSxS\amd64_microsoft.windows.common-controls_6595b64144ccf1df_6.0.19041.1110_none_60b5254171f9507e;C:\Program Files\Java\jdk-14.0.1\bin\server;D:\Coding\Cpp\kvasir-jni;C:\WINDOWS\System32\DriverStore\FileRepository\u0369070.inf_amd64_f201604fbb8aca98\B369060

VM Arguments:
jvm_args: -XX:+ShowCodeDetailsInExceptionMessages -Dfile.encoding=UTF-8 
java_command: Main
java_class_path (initial): C:\Users\Alexx\AppData\Roaming\Code\User\workspaceStorage\9c90e10452d6116c14f08cf09b236d72\redhat.java\jdt_ws\kvasir-jni_835b7676\bin
Launcher Type: SUN_STANDARD

[Global flags]
     intx CICompilerCount                          = 3                                         {product} {ergonomic}
     uint ConcGCThreads                            = 2                                         {product} {ergonomic}
     uint G1ConcRefinementThreads                  = 6                                         {product} {ergonomic}
   size_t G1HeapRegionSize                         = 1048576                                   {product} {ergonomic}
    uintx GCDrainStackTargetSize                   = 64                                        {product} {ergonomic}
   size_t InitialHeapSize                          = 268435456                                 {product} {ergonomic}
   size_t MarkStackSize                            = 4194304                                   {product} {ergonomic}
   size_t MaxHeapSize                              = 4278190080                                {product} {ergonomic}
   size_t MaxNewSize                               = 2566914048                                {product} {ergonomic}
   size_t MinHeapDeltaBytes                        = 1048576                                   {product} {ergonomic}
   size_t MinHeapSize                              = 8388608                                   {product} {ergonomic}
    uintx NonNMethodCodeHeapSize                   = 5832780                                {pd product} {ergonomic}
    uintx NonProfiledCodeHeapSize                  = 122912730                              {pd product} {ergonomic}
    uintx ProfiledCodeHeapSize                     = 122912730                              {pd product} {ergonomic}
    uintx ReservedCodeCacheSize                    = 251658240                              {pd product} {ergonomic}
     bool SegmentedCodeCache                       = true                                      {product} {ergonomic}
     bool ShowCodeDetailsInExceptionMessages       = true                                   {manageable} {command line}
   size_t SoftMaxHeapSize                          = 4278190080                             {manageable} {ergonomic}
     bool UseCompressedClassPointers               = true                                 {lp64_product} {ergonomic}
     bool UseCompressedOops                        = true                                 {lp64_product} {ergonomic}
     bool UseG1GC                                  = true                                      {product} {ergonomic}
     bool UseLargePagesIndividualAllocation        = false                                  {pd product} {ergonomic}

Logging:
Log output configuration:
 #0: stdout all=warning uptime,level,tags
 #1: stderr all=off uptime,level,tags

Environment Variables:
JAVA_HOME=C:\Program Files\Java\jdk-14.0.1
PATH=C:\VulkanSDK\1.2.182.0\Bin;C:\Program Files (x86)\Common Files\Oracle\Java\javapath;C:\Program Files\ImageMagick-7.0.10-Q16;C:\Program Files\Java\jdk-14.0.1\bin;C:\Program Files (x86)\NVIDIA Corporation\PhysX\Common;C:\WINDOWS\system32;C:\WINDOWS;C:\WINDOWS\System32\Wbem;C:\WINDOWS\System32\WindowsPowerShell\v1.0\;C:\Program Files (x86)\Intel\Intel(R) Management Engine Components\DAL;C:\Program Files\Intel\Intel(R) Management Engine Components\DAL;C:\WINDOWS\System32\OpenSSH\;C:\ProgramData\chocolatey\bin;C:\Program Files\nodejs\;C:\Program Files\Git\cmd;C:\Python27\Lib\site-packages\geckodriver;C:\Program Files\Microsoft SQL Server\130\Tools\Binn\;C:\Program Files\Microsoft SQL Server\Client SDK\ODBC\170\Tools\Binn\;C:\Program Files (x86)\Microsoft SQL Server\150\Tools\Binn\;C:\Program Files\Microsoft SQL Server\150\Tools\Binn\;C:\Program Files\Microsoft SQL Server\150\DTS\Binn\;C:\Program Files\dotnet\;C:\Program Files (x86)\Lua\5.1;C:\Program Files (x86)\Lua\5.1\clibs;C:\src\flutter\bin;C:\src\flutter;C:\Program Files\Docker\Docker\resources\bin;C:\ProgramData\DockerDesktop\version-bin;C:\Program Files\CMake\bin;C:\Users\Alexx\.cargo\bin;C:\Users\Alexx\AppData\Local\Programs\Python\Python37\Scripts\;C:\Users\Alexx\AppData\Local\Programs\Python\Python37\;C:\Users\Alexx\Scripts\;C:\Users\Alexx\;C:\Users\Alexx\.deno\bin;C:\Program Files (x86)\NVIDIA Corporation\PhysX\Common;C:\Program Files (x86)\Common Files\Oracle\Java\javapath;C:\WINDOWS\system32;C:\WINDOWS;C:\WINDOWS\System32\Wbem;C:\WINDOWS\System32\WindowsPowerShell\v1.0\;C:\Program Files (x86)\Intel\Intel(R) Management Engine Components\DAL;C:\Program Files\Intel\Intel(R) Management Engine Components\DAL;C:\WINDOWS\System32\OpenSSH\;C:\ProgramData\chocolatey\bin;C:\Program Files\nodejs\;C:\Program Files\dotnet\;C:\Program Files\Git\cmd;C:\Users\Alexx\AppData\Local\Microsoft\WindowsApps;C:\Users\Alexx\AppData\Local\Programs\Microsoft VS Code\bin;C:\Users\Alexx\AppData\Roaming\npm;C:\Python27\Lib\site-package
USERNAME=Alexx
OS=Windows_NT
PROCESSOR_IDENTIFIER=Intel64 Family 6 Model 158 Stepping 10, GenuineIntel



---------------  S Y S T E M  ---------------

OS: Windows 10 , 64 bit Build 19041 (10.0.19041.1151)
OS uptime: 0 days 3:20 hours
HyperV virtualization detected

CPU:total 6 (initial active 6) (6 cores per cpu, 1 threads per core) family 6 model 158 stepping 10, cmov, cx8, fxsr, mmx, sse, sse2, sse3, ssse3, sse4.1, sse4.2, popcnt, avx, avx2, aes, clmul, erms, 3dnowpref, lzcnt, tsc, tscinvbit, bmi1, bmi2, adx, fma

Memory: 4k page, system-wide physical 16319M (9397M free)
TotalPageFile size 18751M (AvailPageFile size 5883M)
current process WorkingSet (physical memory assigned to process): 80M, peak: 81M
current process commit charge ("private bytes"): 426M, peak: 426M

vm_info: Java HotSpot(TM) 64-Bit Server VM (14.0.1+7) for windows-amd64 JRE (14.0.1+7), built on Mar  5 2020 10:30:14 by "mach5one" with MS VC++ 15.9 (VS2017)

END.
